<?xml version="1.0" encoding="UTF-8"?>
<!-- Generated by org.testng.reporters.JUnitReportReporter -->
<testsuite skipped="0" hostname="Jayavelu-PC" name="Scripts.SearchEmpTest" tests="1" failures="0" timestamp="18 Aug 2019 10:56:46 GMT" time="14.987" errors="0">
  <testcase name="searchEmployee" time="14.987" classname="Scripts.SearchEmpTest"/>
</testsuite> <!-- Scripts.SearchEmpTest -->
