<?xml version="1.0" encoding="UTF-8"?>
<!-- Generated by org.testng.reporters.JUnitReportReporter -->
<testsuite skipped="0" hostname="Jayavelu-PC" name="Scripts.UseCase1Login" tests="1" failures="0" timestamp="18 Aug 2019 10:56:46 GMT" time="12.034" errors="0">
  <testcase name="checkLoginHome" time="12.034" classname="Scripts.UseCase1Login"/>
</testsuite> <!-- Scripts.UseCase1Login -->
