<?xml version="1.0" encoding="UTF-8"?>
<!-- Generated by org.testng.reporters.JUnitReportReporter -->
<testsuite skipped="0" hostname="Jayavelu-PC" name="Scripts.CreateUserTest" tests="1" failures="0" timestamp="18 Aug 2019 10:56:46 GMT" time="17.951" errors="0">
  <testcase name="createUser" time="17.951" classname="Scripts.CreateUserTest"/>
</testsuite> <!-- Scripts.CreateUserTest -->
