<?xml version="1.0" encoding="UTF-8"?>
<!-- Generated by org.testng.reporters.JUnitReportReporter -->
<testsuite skipped="0" hostname="Jayavelu-PC" name="Scripts.EditUserUseCase" tests="1" failures="0" timestamp="18 Aug 2019 10:56:46 GMT" time="21.744" errors="0">
  <testcase name="editUser" time="21.744" classname="Scripts.EditUserUseCase"/>
</testsuite> <!-- Scripts.EditUserUseCase -->
