<?xml version="1.0" encoding="UTF-8"?>
<!-- Generated by org.testng.reporters.JUnitReportReporter -->
<testsuite skipped="0" hostname="Jayavelu-PC" name="Scripts.EditUserUseCase" tests="1" failures="0" timestamp="18 Aug 2019 09:48:48 GMT" time="19.723" errors="0">
  <testcase name="editUser" time="19.723" classname="Scripts.EditUserUseCase"/>
</testsuite> <!-- Scripts.EditUserUseCase -->
