<?xml version="1.0" encoding="UTF-8"?>
<!-- Generated by org.testng.reporters.JUnitReportReporter -->
<testsuite skipped="0" hostname="Jayavelu-PC" name="Scripts.CreateUserTest" tests="1" failures="0" timestamp="18 Aug 2019 09:48:48 GMT" time="21.675" errors="0">
  <testcase name="createUser" time="21.675" classname="Scripts.CreateUserTest"/>
</testsuite> <!-- Scripts.CreateUserTest -->
